[ERROR] <2026-05-18 14:52:38,038> at [pers.husen.web.dbutil.assist.DbConnectUtils.getConnection] |--- java.sql.SQLException: Unable to load authentication plugin 'caching_sha2_password'. ---| click goto-> (DbConnectUtils.java:75)
[ERROR] <2026-05-18 14:52:38,038> at [pers.husen.web.dbutil.DbManipulationUtils.dbManipulation] |--- java.lang.NullPointerException: Cannot invoke "java.sql.Connection.prepareStatement(String)" because "<local2>" is null ---| click goto-> (DbManipulationUtils.java:71)
[ERROR] <2026-05-18 14:52:38,038> at [pers.husen.web.dbutil.assist.DbConnectUtils.getConnection] |--- java.sql.SQLException: Unable to load authentication plugin 'caching_sha2_password'. ---| click goto-> (DbConnectUtils.java:75)
[ERROR] <2026-05-18 14:52:38,038> at [pers.husen.web.dbutil.DbQueryUtils.queryResultByParam] |--- java.lang.NullPointerException: Cannot invoke "java.sql.Connection.prepareStatement(String)" because "<local2>" is null
	at pers.husen.web.dbutil.DbQueryUtils.queryResultByParam(DbQueryUtils.java:124)
	at pers.husen.web.dbutil.DbQueryUtils.queryIntByParam(DbQueryUtils.java:92)
	at pers.husen.web.dao.impl.VisitTotalDaoImpl.updateVisitCount(VisitTotalDaoImpl.java:48)
	at pers.husen.web.service.VisitTotalSvc.updateVisitCount(VisitTotalSvc.java:27)
	at pers.husen.web.config.listener.OnlineCountListener.sessionCreated(OnlineCountListener.java:43)
	at org.apache.catalina.session.StandardSession.tellNew(StandardSession.java:338)
	at org.apache.catalina.session.StandardSession.setId(StandardSession.java:313)
	at org.apache.catalina.session.StandardSession.setId(StandardSession.java:295)
	at org.apache.catalina.session.ManagerBase.createSession(ManagerBase.java:728)
	at org.apache.catalina.connector.Request.doGetSession(Request.java:2904)
	at org.apache.catalina.connector.Request.getSession(Request.java:2284)
	at org.apache.catalina.connector.RequestFacade.getSession(RequestFacade.java:647)
	at org.apache.catalina.connector.RequestFacade.getSession(RequestFacade.java:653)
	at org.apache.jasper.runtime.PageContextImpl.initialize(PageContextImpl.java:118)
	at org.apache.jasper.runtime.JspFactoryImpl.internalGetPageContext(JspFactoryImpl.java:102)
	at org.apache.jasper.runtime.JspFactoryImpl.getPageContext(JspFactoryImpl.java:55)
	at org.apache.jsp.index_jsp._jspService(index_jsp.java:107)
	at org.apache.jasper.runtime.HttpJspBase.service(HttpJspBase.java:62)
	at javax.servlet.http.HttpServlet.service(HttpServlet.java:623)
	at org.apache.jasper.servlet.JspServletWrapper.service(JspServletWrapper.java:438)
	at org.apache.jasper.servlet.JspServlet.serviceJspFile(JspServlet.java:349)
	at org.apache.jasper.servlet.JspServlet.service(JspServlet.java:300)
	at javax.servlet.http.HttpServlet.service(HttpServlet.java:623)
	at org.apache.catalina.core.ApplicationFilterChain.internalDoFilter(ApplicationFilterChain.java:197)
	at org.apache.catalina.core.ApplicationFilterChain.doFilter(ApplicationFilterChain.java:142)
	at org.apache.tomcat.websocket.server.WsFilter.doFilter(WsFilter.java:51)
	at org.apache.catalina.core.ApplicationFilterChain.internalDoFilter(ApplicationFilterChain.java:166)
	at org.apache.catalina.core.ApplicationFilterChain.doFilter(ApplicationFilterChain.java:142)
	at pers.husen.web.config.filter.WebFilter.doFilter(WebFilter.java:32)
	at org.apache.catalina.core.ApplicationFilterChain.internalDoFilter(ApplicationFilterChain.java:166)
	at org.apache.catalina.core.ApplicationFilterChain.doFilter(ApplicationFilterChain.java:142)
	at org.apache.catalina.core.StandardWrapperValve.invoke(StandardWrapperValve.java:166)
	at org.apache.catalina.core.StandardContextValve.invoke(StandardContextValve.java:88)
	at org.apache.catalina.authenticator.AuthenticatorBase.invoke(AuthenticatorBase.java:491)
	at org.apache.catalina.core.StandardHostValve.invoke(StandardHostValve.java:127)
	at org.apache.catalina.valves.ErrorReportValve.invoke(ErrorReportValve.java:83)
	at org.apache.catalina.valves.AbstractAccessLogValve.invoke(AbstractAccessLogValve.java:764)
	at org.apache.catalina.core.StandardEngineValve.invoke(StandardEngineValve.java:72)
	at org.apache.catalina.connector.CoyoteAdapter.service(CoyoteAdapter.java:344)
	at org.apache.coyote.http11.Http11Processor.service(Http11Processor.java:398)
	at org.apache.coyote.AbstractProcessorLight.process(AbstractProcessorLight.java:63)
	at org.apache.coyote.AbstractProtocol$ConnectionHandler.process(AbstractProtocol.java:1309)
	at org.apache.tomcat.util.net.NioEndpoint$SocketProcessor.doRun(NioEndpoint.java:1854)
	at org.apache.tomcat.util.net.SocketProcessorBase.run(SocketProcessorBase.java:52)
	at org.apache.tomcat.util.threads.ThreadPoolExecutor.runWorker(ThreadPoolExecutor.java:973)
	at org.apache.tomcat.util.threads.ThreadPoolExecutor$Worker.run(ThreadPoolExecutor.java:491)
	at org.apache.tomcat.util.threads.TaskThread$WrappingRunnable.run(TaskThread.java:63)
	at java.base/java.lang.Thread.run(Thread.java:1575)
 ---| click goto-> (DbQueryUtils.java:138)
[ERROR] <2026-05-18 14:52:54,054> at [pers.husen.web.dbutil.assist.DbConnectUtils.getConnection] |--- java.sql.SQLException: Unable to load authentication plugin 'caching_sha2_password'. ---| click goto-> (DbConnectUtils.java:75)
[ERROR] <2026-05-18 14:52:54,054> at [pers.husen.web.dbutil.DbManipulationUtils.dbManipulation] |--- java.lang.NullPointerException: Cannot invoke "java.sql.Connection.prepareStatement(String)" because "<local2>" is null ---| click goto-> (DbManipulationUtils.java:71)
[ERROR] <2026-05-18 14:52:54,054> at [pers.husen.web.dbutil.assist.DbConnectUtils.getConnection] |--- java.sql.SQLException: Unable to load authentication plugin 'caching_sha2_password'. ---| click goto-> (DbConnectUtils.java:75)
[ERROR] <2026-05-18 14:52:54,054> at [pers.husen.web.dbutil.DbQueryUtils.queryResultByParam] |--- java.lang.NullPointerException: Cannot invoke "java.sql.Connection.prepareStatement(String)" because "<local2>" is null
	at pers.husen.web.dbutil.DbQueryUtils.queryResultByParam(DbQueryUtils.java:124)
	at pers.husen.web.dbutil.DbQueryUtils.queryIntByParam(DbQueryUtils.java:92)
	at pers.husen.web.dao.impl.VisitTotalDaoImpl.updateVisitCount(VisitTotalDaoImpl.java:48)
	at pers.husen.web.service.VisitTotalSvc.updateVisitCount(VisitTotalSvc.java:27)
	at pers.husen.web.config.listener.OnlineCountListener.sessionCreated(OnlineCountListener.java:43)
	at org.apache.catalina.session.StandardSession.tellNew(StandardSession.java:338)
	at org.apache.catalina.session.StandardSession.setId(StandardSession.java:313)
	at org.apache.catalina.session.StandardSession.setId(StandardSession.java:295)
	at org.apache.catalina.session.ManagerBase.createSession(ManagerBase.java:728)
	at org.apache.catalina.connector.Request.doGetSession(Request.java:2904)
	at org.apache.catalina.connector.Request.getSession(Request.java:2284)
	at org.apache.catalina.connector.RequestFacade.getSession(RequestFacade.java:647)
	at org.apache.catalina.connector.RequestFacade.getSession(RequestFacade.java:653)
	at org.apache.jasper.runtime.PageContextImpl.initialize(PageContextImpl.java:118)
	at org.apache.jasper.runtime.JspFactoryImpl.internalGetPageContext(JspFactoryImpl.java:102)
	at org.apache.jasper.runtime.JspFactoryImpl.getPageContext(JspFactoryImpl.java:55)
	at org.apache.jsp.index_jsp._jspService(index_jsp.java:107)
	at org.apache.jasper.runtime.HttpJspBase.service(HttpJspBase.java:62)
	at javax.servlet.http.HttpServlet.service(HttpServlet.java:623)
	at org.apache.jasper.servlet.JspServletWrapper.service(JspServletWrapper.java:438)
	at org.apache.jasper.servlet.JspServlet.serviceJspFile(JspServlet.java:349)
	at org.apache.jasper.servlet.JspServlet.service(JspServlet.java:300)
	at javax.servlet.http.HttpServlet.service(HttpServlet.java:623)
	at org.apache.catalina.core.ApplicationFilterChain.internalDoFilter(ApplicationFilterChain.java:197)
	at org.apache.catalina.core.ApplicationFilterChain.doFilter(ApplicationFilterChain.java:142)
	at org.apache.tomcat.websocket.server.WsFilter.doFilter(WsFilter.java:51)
	at org.apache.catalina.core.ApplicationFilterChain.internalDoFilter(ApplicationFilterChain.java:166)
	at org.apache.catalina.core.ApplicationFilterChain.doFilter(ApplicationFilterChain.java:142)
	at pers.husen.web.config.filter.WebFilter.doFilter(WebFilter.java:32)
	at org.apache.catalina.core.ApplicationFilterChain.internalDoFilter(ApplicationFilterChain.java:166)
	at org.apache.catalina.core.ApplicationFilterChain.doFilter(ApplicationFilterChain.java:142)
	at org.apache.catalina.core.StandardWrapperValve.invoke(StandardWrapperValve.java:166)
	at org.apache.catalina.core.StandardContextValve.invoke(StandardContextValve.java:88)
	at org.apache.catalina.authenticator.AuthenticatorBase.invoke(AuthenticatorBase.java:491)
	at org.apache.catalina.core.StandardHostValve.invoke(StandardHostValve.java:127)
	at org.apache.catalina.valves.ErrorReportValve.invoke(ErrorReportValve.java:83)
	at org.apache.catalina.valves.AbstractAccessLogValve.invoke(AbstractAccessLogValve.java:764)
	at org.apache.catalina.core.StandardEngineValve.invoke(StandardEngineValve.java:72)
	at org.apache.catalina.connector.CoyoteAdapter.service(CoyoteAdapter.java:344)
	at org.apache.coyote.http11.Http11Processor.service(Http11Processor.java:398)
	at org.apache.coyote.AbstractProcessorLight.process(AbstractProcessorLight.java:63)
	at org.apache.coyote.AbstractProtocol$ConnectionHandler.process(AbstractProtocol.java:1309)
	at org.apache.tomcat.util.net.NioEndpoint$SocketProcessor.doRun(NioEndpoint.java:1854)
	at org.apache.tomcat.util.net.SocketProcessorBase.run(SocketProcessorBase.java:52)
	at org.apache.tomcat.util.threads.ThreadPoolExecutor.runWorker(ThreadPoolExecutor.java:973)
	at org.apache.tomcat.util.threads.ThreadPoolExecutor$Worker.run(ThreadPoolExecutor.java:491)
	at org.apache.tomcat.util.threads.TaskThread$WrappingRunnable.run(TaskThread.java:63)
	at java.base/java.lang.Thread.run(Thread.java:1575)
 ---| click goto-> (DbQueryUtils.java:138)
[ERROR] <2026-05-18 14:52:54,054> at [pers.husen.web.dbutil.assist.DbConnectUtils.getConnection] |--- java.sql.SQLException: Unable to load authentication plugin 'caching_sha2_password'. ---| click goto-> (DbConnectUtils.java:75)
[ERROR] <2026-05-18 14:52:54,054> at [pers.husen.web.dbutil.DbManipulationUtils.dbManipulation] |--- java.lang.NullPointerException: Cannot invoke "java.sql.Connection.prepareStatement(String)" because "<local2>" is null ---| click goto-> (DbManipulationUtils.java:71)
[ERROR] <2026-05-18 14:52:54,054> at [pers.husen.web.dbutil.assist.DbConnectUtils.getConnection] |--- java.sql.SQLException: Unable to load authentication plugin 'caching_sha2_password'. ---| click goto-> (DbConnectUtils.java:75)
[ERROR] <2026-05-18 14:52:54,054> at [pers.husen.web.dbutil.DbQueryUtils.queryResultByParam] |--- java.lang.NullPointerException: Cannot invoke "java.sql.Connection.prepareStatement(String)" because "<local2>" is null
	at pers.husen.web.dbutil.DbQueryUtils.queryResultByParam(DbQueryUtils.java:124)
	at pers.husen.web.dbutil.DbQueryUtils.queryIntByParam(DbQueryUtils.java:92)
	at pers.husen.web.dao.impl.VisitTotalDaoImpl.updateVisitCount(VisitTotalDaoImpl.java:48)
	at pers.husen.web.service.VisitTotalSvc.updateVisitCount(VisitTotalSvc.java:27)
	at pers.husen.web.config.listener.OnlineCountListener.sessionCreated(OnlineCountListener.java:43)
	at org.apache.catalina.session.StandardSession.tellNew(StandardSession.java:338)
	at org.apache.catalina.session.StandardSession.setId(StandardSession.java:313)
	at org.apache.catalina.session.StandardSession.setId(StandardSession.java:295)
	at org.apache.catalina.session.ManagerBase.createSession(ManagerBase.java:728)
	at org.apache.catalina.connector.Request.doGetSession(Request.java:2904)
	at org.apache.catalina.connector.Request.getSession(Request.java:2284)
	at org.apache.catalina.connector.RequestFacade.getSession(RequestFacade.java:647)
	at org.apache.catalina.connector.RequestFacade.getSession(RequestFacade.java:653)
	at org.apache.jasper.runtime.PageContextImpl.initialize(PageContextImpl.java:118)
	at org.apache.jasper.runtime.JspFactoryImpl.internalGetPageContext(JspFactoryImpl.java:102)
	at org.apache.jasper.runtime.JspFactoryImpl.getPageContext(JspFactoryImpl.java:55)
	at org.apache.jsp.index_jsp._jspService(index_jsp.java:107)
	at org.apache.jasper.runtime.HttpJspBase.service(HttpJspBase.java:62)
	at javax.servlet.http.HttpServlet.service(HttpServlet.java:623)
	at org.apache.jasper.servlet.JspServletWrapper.service(JspServletWrapper.java:438)
	at org.apache.jasper.servlet.JspServlet.serviceJspFile(JspServlet.java:349)
	at org.apache.jasper.servlet.JspServlet.service(JspServlet.java:300)
	at javax.servlet.http.HttpServlet.service(HttpServlet.java:623)
	at org.apache.catalina.core.ApplicationFilterChain.internalDoFilter(ApplicationFilterChain.java:197)
	at org.apache.catalina.core.ApplicationFilterChain.doFilter(ApplicationFilterChain.java:142)
	at org.apache.tomcat.websocket.server.WsFilter.doFilter(WsFilter.java:51)
	at org.apache.catalina.core.ApplicationFilterChain.internalDoFilter(ApplicationFilterChain.java:166)
	at org.apache.catalina.core.ApplicationFilterChain.doFilter(ApplicationFilterChain.java:142)
	at pers.husen.web.config.filter.WebFilter.doFilter(WebFilter.java:32)
	at org.apache.catalina.core.ApplicationFilterChain.internalDoFilter(ApplicationFilterChain.java:166)
	at org.apache.catalina.core.ApplicationFilterChain.doFilter(ApplicationFilterChain.java:142)
	at org.apache.catalina.core.StandardWrapperValve.invoke(StandardWrapperValve.java:166)
	at org.apache.catalina.core.StandardContextValve.invoke(StandardContextValve.java:88)
	at org.apache.catalina.authenticator.AuthenticatorBase.invoke(AuthenticatorBase.java:491)
	at org.apache.catalina.core.StandardHostValve.invoke(StandardHostValve.java:127)
	at org.apache.catalina.valves.ErrorReportValve.invoke(ErrorReportValve.java:83)
	at org.apache.catalina.valves.AbstractAccessLogValve.invoke(AbstractAccessLogValve.java:764)
	at org.apache.catalina.core.StandardEngineValve.invoke(StandardEngineValve.java:72)
	at org.apache.catalina.connector.CoyoteAdapter.service(CoyoteAdapter.java:344)
	at org.apache.coyote.http11.Http11Processor.service(Http11Processor.java:398)
	at org.apache.coyote.AbstractProcessorLight.process(AbstractProcessorLight.java:63)
	at org.apache.coyote.AbstractProtocol$ConnectionHandler.process(AbstractProtocol.java:1309)
	at org.apache.tomcat.util.net.NioEndpoint$SocketProcessor.doRun(NioEndpoint.java:1854)
	at org.apache.tomcat.util.net.SocketProcessorBase.run(SocketProcessorBase.java:52)
	at org.apache.tomcat.util.threads.ThreadPoolExecutor.runWorker(ThreadPoolExecutor.java:973)
	at org.apache.tomcat.util.threads.ThreadPoolExecutor$Worker.run(ThreadPoolExecutor.java:491)
	at org.apache.tomcat.util.threads.TaskThread$WrappingRunnable.run(TaskThread.java:63)
	at java.base/java.lang.Thread.run(Thread.java:1575)
 ---| click goto-> (DbQueryUtils.java:138)
