18-May-2026 14:52:02.344 дїЎжЃЇ [main] org.apache.catalina.core.ApplicationContext.log ContextListener: contextInitialized()
18-May-2026 14:52:02.344 дїЎжЃЇ [main] org.apache.catalina.core.ApplicationContext.log SessionListener: contextInitialized()
18-May-2026 14:52:02.345 дїЎжЃЇ [main] org.apache.catalina.core.ApplicationContext.log ContextListener: attributeAdded('StockTicker', 'async.Stockticker@16fb356')
18-May-2026 14:52:38.906 дёҐй‡Ќ [http-nio-8080-exec-1] org.apache.catalina.session.StandardSession.tellNew дјљиЇќж—¶й—ґз›‘еђ¬жЉ›е‡єеј‚еёё
	java.lang.NullPointerException: Cannot invoke "java.lang.Number.intValue()" because the return value of "pers.husen.web.dbutil.DbQueryUtils.queryResultByParam(String, java.util.ArrayList)" is null
		at pers.husen.web.dbutil.DbQueryUtils.queryIntByParam(DbQueryUtils.java:92)
		at pers.husen.web.dao.impl.VisitTotalDaoImpl.updateVisitCount(VisitTotalDaoImpl.java:48)
		at pers.husen.web.service.VisitTotalSvc.updateVisitCount(VisitTotalSvc.java:27)
		at pers.husen.web.config.listener.OnlineCountListener.sessionCreated(OnlineCountListener.java:43)
		at org.apache.catalina.session.StandardSession.tellNew(StandardSession.java:338)
		at org.apache.catalina.session.StandardSession.setId(StandardSession.java:313)
		at org.apache.catalina.session.StandardSession.setId(StandardSession.java:295)
		at org.apache.catalina.session.ManagerBase.createSession(ManagerBase.java:728)
		at org.apache.catalina.connector.Request.doGetSession(Request.java:2904)
		at org.apache.catalina.connector.Request.getSession(Request.java:2284)
		at org.apache.catalina.connector.RequestFacade.getSession(RequestFacade.java:647)
		at org.apache.catalina.connector.RequestFacade.getSession(RequestFacade.java:653)
		at org.apache.jasper.runtime.PageContextImpl.initialize(PageContextImpl.java:118)
		at org.apache.jasper.runtime.JspFactoryImpl.internalGetPageContext(JspFactoryImpl.java:102)
		at org.apache.jasper.runtime.JspFactoryImpl.getPageContext(JspFactoryImpl.java:55)
		at org.apache.jsp.index_jsp._jspService(index_jsp.java:107)
		at org.apache.jasper.runtime.HttpJspBase.service(HttpJspBase.java:62)
		at javax.servlet.http.HttpServlet.service(HttpServlet.java:623)
		at org.apache.jasper.servlet.JspServletWrapper.service(JspServletWrapper.java:438)
		at org.apache.jasper.servlet.JspServlet.serviceJspFile(JspServlet.java:349)
		at org.apache.jasper.servlet.JspServlet.service(JspServlet.java:300)
		at javax.servlet.http.HttpServlet.service(HttpServlet.java:623)
		at org.apache.catalina.core.ApplicationFilterChain.internalDoFilter(ApplicationFilterChain.java:197)
		at org.apache.catalina.core.ApplicationFilterChain.doFilter(ApplicationFilterChain.java:142)
		at org.apache.tomcat.websocket.server.WsFilter.doFilter(WsFilter.java:51)
		at org.apache.catalina.core.ApplicationFilterChain.internalDoFilter(ApplicationFilterChain.java:166)
		at org.apache.catalina.core.ApplicationFilterChain.doFilter(ApplicationFilterChain.java:142)
		at pers.husen.web.config.filter.WebFilter.doFilter(WebFilter.java:32)
		at org.apache.catalina.core.ApplicationFilterChain.internalDoFilter(ApplicationFilterChain.java:166)
		at org.apache.catalina.core.ApplicationFilterChain.doFilter(ApplicationFilterChain.java:142)
		at org.apache.catalina.core.StandardWrapperValve.invoke(StandardWrapperValve.java:166)
		at org.apache.catalina.core.StandardContextValve.invoke(StandardContextValve.java:88)
		at org.apache.catalina.authenticator.AuthenticatorBase.invoke(AuthenticatorBase.java:491)
		at org.apache.catalina.core.StandardHostValve.invoke(StandardHostValve.java:127)
		at org.apache.catalina.valves.ErrorReportValve.invoke(ErrorReportValve.java:83)
		at org.apache.catalina.valves.AbstractAccessLogValve.invoke(AbstractAccessLogValve.java:764)
		at org.apache.catalina.core.StandardEngineValve.invoke(StandardEngineValve.java:72)
		at org.apache.catalina.connector.CoyoteAdapter.service(CoyoteAdapter.java:344)
		at org.apache.coyote.http11.Http11Processor.service(Http11Processor.java:398)
		at org.apache.coyote.AbstractProcessorLight.process(AbstractProcessorLight.java:63)
		at org.apache.coyote.AbstractProtocol$ConnectionHandler.process(AbstractProtocol.java:1309)
		at org.apache.tomcat.util.net.NioEndpoint$SocketProcessor.doRun(NioEndpoint.java:1854)
		at org.apache.tomcat.util.net.SocketProcessorBase.run(SocketProcessorBase.java:52)
		at org.apache.tomcat.util.threads.ThreadPoolExecutor.runWorker(ThreadPoolExecutor.java:973)
		at org.apache.tomcat.util.threads.ThreadPoolExecutor$Worker.run(ThreadPoolExecutor.java:491)
		at org.apache.tomcat.util.threads.TaskThread$WrappingRunnable.run(TaskThread.java:63)
		at java.base/java.lang.Thread.run(Thread.java:1575)
18-May-2026 14:52:54.832 дёҐй‡Ќ [http-nio-8080-exec-2] org.apache.catalina.session.StandardSession.tellNew дјљиЇќж—¶й—ґз›‘еђ¬жЉ›е‡єеј‚еёё
	java.lang.NullPointerException: Cannot invoke "java.lang.Number.intValue()" because the return value of "pers.husen.web.dbutil.DbQueryUtils.queryResultByParam(String, java.util.ArrayList)" is null
		at pers.husen.web.dbutil.DbQueryUtils.queryIntByParam(DbQueryUtils.java:92)
		at pers.husen.web.dao.impl.VisitTotalDaoImpl.updateVisitCount(VisitTotalDaoImpl.java:48)
		at pers.husen.web.service.VisitTotalSvc.updateVisitCount(VisitTotalSvc.java:27)
		at pers.husen.web.config.listener.OnlineCountListener.sessionCreated(OnlineCountListener.java:43)
		at org.apache.catalina.session.StandardSession.tellNew(StandardSession.java:338)
		at org.apache.catalina.session.StandardSession.setId(StandardSession.java:313)
		at org.apache.catalina.session.StandardSession.setId(StandardSession.java:295)
		at org.apache.catalina.session.ManagerBase.createSession(ManagerBase.java:728)
		at org.apache.catalina.connector.Request.doGetSession(Request.java:2904)
		at org.apache.catalina.connector.Request.getSession(Request.java:2284)
		at org.apache.catalina.connector.RequestFacade.getSession(RequestFacade.java:647)
		at org.apache.catalina.connector.RequestFacade.getSession(RequestFacade.java:653)
		at org.apache.jasper.runtime.PageContextImpl.initialize(PageContextImpl.java:118)
		at org.apache.jasper.runtime.JspFactoryImpl.internalGetPageContext(JspFactoryImpl.java:102)
		at org.apache.jasper.runtime.JspFactoryImpl.getPageContext(JspFactoryImpl.java:55)
		at org.apache.jsp.index_jsp._jspService(index_jsp.java:107)
		at org.apache.jasper.runtime.HttpJspBase.service(HttpJspBase.java:62)
		at javax.servlet.http.HttpServlet.service(HttpServlet.java:623)
		at org.apache.jasper.servlet.JspServletWrapper.service(JspServletWrapper.java:438)
		at org.apache.jasper.servlet.JspServlet.serviceJspFile(JspServlet.java:349)
		at org.apache.jasper.servlet.JspServlet.service(JspServlet.java:300)
		at javax.servlet.http.HttpServlet.service(HttpServlet.java:623)
		at org.apache.catalina.core.ApplicationFilterChain.internalDoFilter(ApplicationFilterChain.java:197)
		at org.apache.catalina.core.ApplicationFilterChain.doFilter(ApplicationFilterChain.java:142)
		at org.apache.tomcat.websocket.server.WsFilter.doFilter(WsFilter.java:51)
		at org.apache.catalina.core.ApplicationFilterChain.internalDoFilter(ApplicationFilterChain.java:166)
		at org.apache.catalina.core.ApplicationFilterChain.doFilter(ApplicationFilterChain.java:142)
		at pers.husen.web.config.filter.WebFilter.doFilter(WebFilter.java:32)
		at org.apache.catalina.core.ApplicationFilterChain.internalDoFilter(ApplicationFilterChain.java:166)
		at org.apache.catalina.core.ApplicationFilterChain.doFilter(ApplicationFilterChain.java:142)
		at org.apache.catalina.core.StandardWrapperValve.invoke(StandardWrapperValve.java:166)
		at org.apache.catalina.core.StandardContextValve.invoke(StandardContextValve.java:88)
		at org.apache.catalina.authenticator.AuthenticatorBase.invoke(AuthenticatorBase.java:491)
		at org.apache.catalina.core.StandardHostValve.invoke(StandardHostValve.java:127)
		at org.apache.catalina.valves.ErrorReportValve.invoke(ErrorReportValve.java:83)
		at org.apache.catalina.valves.AbstractAccessLogValve.invoke(AbstractAccessLogValve.java:764)
		at org.apache.catalina.core.StandardEngineValve.invoke(StandardEngineValve.java:72)
		at org.apache.catalina.connector.CoyoteAdapter.service(CoyoteAdapter.java:344)
		at org.apache.coyote.http11.Http11Processor.service(Http11Processor.java:398)
		at org.apache.coyote.AbstractProcessorLight.process(AbstractProcessorLight.java:63)
		at org.apache.coyote.AbstractProtocol$ConnectionHandler.process(AbstractProtocol.java:1309)
		at org.apache.tomcat.util.net.NioEndpoint$SocketProcessor.doRun(NioEndpoint.java:1854)
		at org.apache.tomcat.util.net.SocketProcessorBase.run(SocketProcessorBase.java:52)
		at org.apache.tomcat.util.threads.ThreadPoolExecutor.runWorker(ThreadPoolExecutor.java:973)
		at org.apache.tomcat.util.threads.ThreadPoolExecutor$Worker.run(ThreadPoolExecutor.java:491)
		at org.apache.tomcat.util.threads.TaskThread$WrappingRunnable.run(TaskThread.java:63)
		at java.base/java.lang.Thread.run(Thread.java:1575)
18-May-2026 14:52:54.885 дёҐй‡Ќ [http-nio-8080-exec-3] org.apache.catalina.session.StandardSession.tellNew дјљиЇќж—¶й—ґз›‘еђ¬жЉ›е‡єеј‚еёё
	java.lang.NullPointerException: Cannot invoke "java.lang.Number.intValue()" because the return value of "pers.husen.web.dbutil.DbQueryUtils.queryResultByParam(String, java.util.ArrayList)" is null
		at pers.husen.web.dbutil.DbQueryUtils.queryIntByParam(DbQueryUtils.java:92)
		at pers.husen.web.dao.impl.VisitTotalDaoImpl.updateVisitCount(VisitTotalDaoImpl.java:48)
		at pers.husen.web.service.VisitTotalSvc.updateVisitCount(VisitTotalSvc.java:27)
		at pers.husen.web.config.listener.OnlineCountListener.sessionCreated(OnlineCountListener.java:43)
		at org.apache.catalina.session.StandardSession.tellNew(StandardSession.java:338)
		at org.apache.catalina.session.StandardSession.setId(StandardSession.java:313)
		at org.apache.catalina.session.StandardSession.setId(StandardSession.java:295)
		at org.apache.catalina.session.ManagerBase.createSession(ManagerBase.java:728)
		at org.apache.catalina.connector.Request.doGetSession(Request.java:2904)
		at org.apache.catalina.connector.Request.getSession(Request.java:2284)
		at org.apache.catalina.connector.RequestFacade.getSession(RequestFacade.java:647)
		at org.apache.catalina.connector.RequestFacade.getSession(RequestFacade.java:653)
		at org.apache.jasper.runtime.PageContextImpl.initialize(PageContextImpl.java:118)
		at org.apache.jasper.runtime.JspFactoryImpl.internalGetPageContext(JspFactoryImpl.java:102)
		at org.apache.jasper.runtime.JspFactoryImpl.getPageContext(JspFactoryImpl.java:55)
		at org.apache.jsp.index_jsp._jspService(index_jsp.java:107)
		at org.apache.jasper.runtime.HttpJspBase.service(HttpJspBase.java:62)
		at javax.servlet.http.HttpServlet.service(HttpServlet.java:623)
		at org.apache.jasper.servlet.JspServletWrapper.service(JspServletWrapper.java:438)
		at org.apache.jasper.servlet.JspServlet.serviceJspFile(JspServlet.java:349)
		at org.apache.jasper.servlet.JspServlet.service(JspServlet.java:300)
		at javax.servlet.http.HttpServlet.service(HttpServlet.java:623)
		at org.apache.catalina.core.ApplicationFilterChain.internalDoFilter(ApplicationFilterChain.java:197)
		at org.apache.catalina.core.ApplicationFilterChain.doFilter(ApplicationFilterChain.java:142)
		at org.apache.tomcat.websocket.server.WsFilter.doFilter(WsFilter.java:51)
		at org.apache.catalina.core.ApplicationFilterChain.internalDoFilter(ApplicationFilterChain.java:166)
		at org.apache.catalina.core.ApplicationFilterChain.doFilter(ApplicationFilterChain.java:142)
		at pers.husen.web.config.filter.WebFilter.doFilter(WebFilter.java:32)
		at org.apache.catalina.core.ApplicationFilterChain.internalDoFilter(ApplicationFilterChain.java:166)
		at org.apache.catalina.core.ApplicationFilterChain.doFilter(ApplicationFilterChain.java:142)
		at org.apache.catalina.core.StandardWrapperValve.invoke(StandardWrapperValve.java:166)
		at org.apache.catalina.core.StandardContextValve.invoke(StandardContextValve.java:88)
		at org.apache.catalina.authenticator.AuthenticatorBase.invoke(AuthenticatorBase.java:491)
		at org.apache.catalina.core.StandardHostValve.invoke(StandardHostValve.java:127)
		at org.apache.catalina.valves.ErrorReportValve.invoke(ErrorReportValve.java:83)
		at org.apache.catalina.valves.AbstractAccessLogValve.invoke(AbstractAccessLogValve.java:764)
		at org.apache.catalina.core.StandardEngineValve.invoke(StandardEngineValve.java:72)
		at org.apache.catalina.connector.CoyoteAdapter.service(CoyoteAdapter.java:344)
		at org.apache.coyote.http11.Http11Processor.service(Http11Processor.java:398)
		at org.apache.coyote.AbstractProcessorLight.process(AbstractProcessorLight.java:63)
		at org.apache.coyote.AbstractProtocol$ConnectionHandler.process(AbstractProtocol.java:1309)
		at org.apache.tomcat.util.net.NioEndpoint$SocketProcessor.doRun(NioEndpoint.java:1854)
		at org.apache.tomcat.util.net.SocketProcessorBase.run(SocketProcessorBase.java:52)
		at org.apache.tomcat.util.threads.ThreadPoolExecutor.runWorker(ThreadPoolExecutor.java:973)
		at org.apache.tomcat.util.threads.ThreadPoolExecutor$Worker.run(ThreadPoolExecutor.java:491)
		at org.apache.tomcat.util.threads.TaskThread$WrappingRunnable.run(TaskThread.java:63)
		at java.base/java.lang.Thread.run(Thread.java:1575)
18-May-2026 14:54:06.367 дїЎжЃЇ [main] org.apache.catalina.core.ApplicationContext.log SessionListener: contextDestroyed()
18-May-2026 14:54:06.367 дїЎжЃЇ [main] org.apache.catalina.core.ApplicationContext.log ContextListener: contextDestroyed()
18-May-2026 14:54:10.851 дїЎжЃЇ [main] org.apache.catalina.core.ApplicationContext.log ContextListener: contextInitialized()
18-May-2026 14:54:10.852 дїЎжЃЇ [main] org.apache.catalina.core.ApplicationContext.log SessionListener: contextInitialized()
18-May-2026 14:54:10.853 дїЎжЃЇ [main] org.apache.catalina.core.ApplicationContext.log ContextListener: attributeAdded('StockTicker', 'async.Stockticker@1ee4730')
18-May-2026 15:48:48.682 дїЎжЃЇ [main] org.apache.catalina.core.ApplicationContext.log SessionListener: contextDestroyed()
18-May-2026 15:48:48.682 дїЎжЃЇ [main] org.apache.catalina.core.ApplicationContext.log ContextListener: contextDestroyed()
18-May-2026 15:48:53.182 дїЎжЃЇ [main] org.apache.catalina.core.ApplicationContext.log ContextListener: contextInitialized()
18-May-2026 15:48:53.182 дїЎжЃЇ [main] org.apache.catalina.core.ApplicationContext.log SessionListener: contextInitialized()
18-May-2026 15:48:53.183 дїЎжЃЇ [main] org.apache.catalina.core.ApplicationContext.log ContextListener: attributeAdded('StockTicker', 'async.Stockticker@3aa3193a')
18-May-2026 16:00:37.356 дїЎжЃЇ [main] org.apache.catalina.core.ApplicationContext.log SessionListener: contextDestroyed()
18-May-2026 16:00:37.356 дїЎжЃЇ [main] org.apache.catalina.core.ApplicationContext.log ContextListener: contextDestroyed()
18-May-2026 16:02:27.239 дїЎжЃЇ [main] org.apache.catalina.core.ApplicationContext.log ContextListener: contextInitialized()
18-May-2026 16:02:27.239 дїЎжЃЇ [main] org.apache.catalina.core.ApplicationContext.log SessionListener: contextInitialized()
18-May-2026 16:02:27.240 дїЎжЃЇ [main] org.apache.catalina.core.ApplicationContext.log ContextListener: attributeAdded('StockTicker', 'async.Stockticker@724bade8')
18-May-2026 16:02:37.354 дїЎжЃЇ [main] org.apache.catalina.core.ApplicationContext.log SessionListener: contextDestroyed()
18-May-2026 16:02:37.354 дїЎжЃЇ [main] org.apache.catalina.core.ApplicationContext.log ContextListener: contextDestroyed()
18-May-2026 16:03:28.535 дїЎжЃЇ [main] org.apache.catalina.core.ApplicationContext.log ContextListener: contextInitialized()
18-May-2026 16:03:28.535 дїЎжЃЇ [main] org.apache.catalina.core.ApplicationContext.log SessionListener: contextInitialized()
18-May-2026 16:03:28.536 дїЎжЃЇ [main] org.apache.catalina.core.ApplicationContext.log ContextListener: attributeAdded('StockTicker', 'async.Stockticker@780ec4a5')
18-May-2026 16:03:40.151 дїЎжЃЇ [main] org.apache.catalina.core.ApplicationContext.log SessionListener: contextDestroyed()
18-May-2026 16:03:40.151 дїЎжЃЇ [main] org.apache.catalina.core.ApplicationContext.log ContextListener: contextDestroyed()
18-May-2026 16:04:30.331 дїЎжЃЇ [main] org.apache.catalina.core.ApplicationContext.log ContextListener: contextInitialized()
18-May-2026 16:04:30.331 дїЎжЃЇ [main] org.apache.catalina.core.ApplicationContext.log SessionListener: contextInitialized()
18-May-2026 16:04:30.332 дїЎжЃЇ [main] org.apache.catalina.core.ApplicationContext.log ContextListener: attributeAdded('StockTicker', 'async.Stockticker@5003041b')
18-May-2026 16:07:58.572 дїЎжЃЇ [main] org.apache.catalina.core.ApplicationContext.log ContextListener: contextInitialized()
18-May-2026 16:07:58.572 дїЎжЃЇ [main] org.apache.catalina.core.ApplicationContext.log SessionListener: contextInitialized()
18-May-2026 16:07:58.573 дїЎжЃЇ [main] org.apache.catalina.core.ApplicationContext.log ContextListener: attributeAdded('StockTicker', 'async.Stockticker@16fb356')
18-May-2026 16:09:25.050 дїЎжЃЇ [main] org.apache.catalina.core.ApplicationContext.log SessionListener: contextDestroyed()
18-May-2026 16:09:25.050 дїЎжЃЇ [main] org.apache.catalina.core.ApplicationContext.log ContextListener: contextDestroyed()
18-May-2026 16:09:41.229 дїЎжЃЇ [main] org.apache.catalina.core.ApplicationContext.log ContextListener: contextInitialized()
18-May-2026 16:09:41.230 дїЎжЃЇ [main] org.apache.catalina.core.ApplicationContext.log SessionListener: contextInitialized()
18-May-2026 16:09:41.231 дїЎжЃЇ [main] org.apache.catalina.core.ApplicationContext.log ContextListener: attributeAdded('StockTicker', 'async.Stockticker@5003041b')
18-May-2026 16:10:05.879 дїЎжЃЇ [main] org.apache.catalina.core.ApplicationContext.log ContextListener: contextInitialized()
18-May-2026 16:10:05.879 дїЎжЃЇ [main] org.apache.catalina.core.ApplicationContext.log SessionListener: contextInitialized()
18-May-2026 16:10:05.881 дїЎжЃЇ [main] org.apache.catalina.core.ApplicationContext.log ContextListener: attributeAdded('StockTicker', 'async.Stockticker@5c1bd44c')
18-May-2026 16:10:06.954 дїЎжЃЇ [main] org.apache.catalina.core.ApplicationContext.log SessionListener: contextDestroyed()
18-May-2026 16:10:06.954 дїЎжЃЇ [main] org.apache.catalina.core.ApplicationContext.log ContextListener: contextDestroyed()
18-May-2026 16:15:48.935 дїЎжЃЇ [main] org.apache.catalina.core.ApplicationContext.log ContextListener: contextInitialized()
18-May-2026 16:15:48.935 дїЎжЃЇ [main] org.apache.catalina.core.ApplicationContext.log SessionListener: contextInitialized()
18-May-2026 16:15:48.937 дїЎжЃЇ [main] org.apache.catalina.core.ApplicationContext.log ContextListener: attributeAdded('StockTicker', 'async.Stockticker@5003041b')
18-May-2026 16:17:06.243 дїЎжЃЇ [main] org.apache.catalina.core.ApplicationContext.log SessionListener: contextDestroyed()
18-May-2026 16:17:06.243 дїЎжЃЇ [main] org.apache.catalina.core.ApplicationContext.log ContextListener: contextDestroyed()
18-May-2026 16:17:22.558 дїЎжЃЇ [main] org.apache.catalina.core.ApplicationContext.log ContextListener: contextInitialized()
18-May-2026 16:17:22.558 дїЎжЃЇ [main] org.apache.catalina.core.ApplicationContext.log SessionListener: contextInitialized()
18-May-2026 16:17:22.560 дїЎжЃЇ [main] org.apache.catalina.core.ApplicationContext.log ContextListener: attributeAdded('StockTicker', 'async.Stockticker@5003041b')
18-May-2026 16:17:36.821 дїЎжЃЇ [main] org.apache.catalina.core.ApplicationContext.log SessionListener: contextDestroyed()
18-May-2026 16:17:36.821 дїЎжЃЇ [main] org.apache.catalina.core.ApplicationContext.log ContextListener: contextDestroyed()
18-May-2026 16:17:53.603 дїЎжЃЇ [main] org.apache.catalina.core.ApplicationContext.log ContextListener: contextInitialized()
18-May-2026 16:17:53.603 дїЎжЃЇ [main] org.apache.catalina.core.ApplicationContext.log SessionListener: contextInitialized()
18-May-2026 16:17:53.604 дїЎжЃЇ [main] org.apache.catalina.core.ApplicationContext.log ContextListener: attributeAdded('StockTicker', 'async.Stockticker@23a9ba52')
18-May-2026 16:32:47.928 дїЎжЃЇ [main] org.apache.catalina.core.ApplicationContext.log SessionListener: contextDestroyed()
18-May-2026 16:32:47.928 дїЎжЃЇ [main] org.apache.catalina.core.ApplicationContext.log ContextListener: contextDestroyed()
18-May-2026 16:33:04.120 дїЎжЃЇ [main] org.apache.catalina.core.ApplicationContext.log ContextListener: contextInitialized()
18-May-2026 16:33:04.120 дїЎжЃЇ [main] org.apache.catalina.core.ApplicationContext.log SessionListener: contextInitialized()
18-May-2026 16:33:04.122 дїЎжЃЇ [main] org.apache.catalina.core.ApplicationContext.log ContextListener: attributeAdded('StockTicker', 'async.Stockticker@16fb356')
18-May-2026 16:46:49.087 дїЎжЃЇ [main] org.apache.catalina.core.ApplicationContext.log SessionListener: contextDestroyed()
18-May-2026 16:46:49.087 дїЎжЃЇ [main] org.apache.catalina.core.ApplicationContext.log ContextListener: contextDestroyed()
18-May-2026 16:47:05.477 дїЎжЃЇ [main] org.apache.catalina.core.ApplicationContext.log ContextListener: contextInitialized()
18-May-2026 16:47:05.477 дїЎжЃЇ [main] org.apache.catalina.core.ApplicationContext.log SessionListener: contextInitialized()
18-May-2026 16:47:05.479 дїЎжЃЇ [main] org.apache.catalina.core.ApplicationContext.log ContextListener: attributeAdded('StockTicker', 'async.Stockticker@16fb356')
